<?xml version="1.0" encoding="UTF-8"?>
<!-- Generated by org.testng.reporters.JUnitReportReporter -->
<testsuite skipped="0" hostname="IN2374582W1" name="com.api.complexjson2.ComplexJsonExample1" tests="3" failures="0" timestamp="2020-07-27T00:22:34 IST" time="1.832" errors="0">
  <testcase name="getFirstName_LastName_Age" time="1.411" classname="com.api.complexjson2.ComplexJsonExample1"/>
  <system-out/>
  <testcase name="getAddress" time="0.189" classname="com.api.complexjson2.ComplexJsonExample1"/>
  <system-out/>
  <testcase name="getPhoneNumbers" time="0.232" classname="com.api.complexjson2.ComplexJsonExample1"/>
  <system-out/>
</testsuite> <!-- com.api.complexjson2.ComplexJsonExample1 -->
