<?xml version="1.0" encoding="UTF-8"?>
<!-- Generated by org.testng.reporters.JUnitReportReporter -->
<testsuite skipped="0" hostname="IN2374582W1" name="com.restassured.testdrivendevlopment.GET_Request_For_SingleUser" tests="1" failures="0" timestamp="2020-04-09T23:14:14 IST" time="5.512" errors="0">
  <testcase name="getSingleUserDetails" time="5.512" classname="com.restassured.testdrivendevlopment.GET_Request_For_SingleUser"/>
  <system-out/>
</testsuite> <!-- com.restassured.testdrivendevlopment.GET_Request_For_SingleUser -->
