<?xml version="1.0" encoding="UTF-8"?>
<!-- Generated by org.testng.reporters.JUnitReportReporter -->
<testsuite skipped="5" hostname="IN2374582W1" name="com.restassured.complexjson.HandleComplexJson" tests="6" failures="0" timestamp="2020-07-21T16:43:08 IST" time="2.088" errors="0">
  <testcase name="verifySumOfAllCoursePricesMatchesWithPurchaseAmount" time="2.088" classname="com.restassured.complexjson.HandleComplexJson"/>
  <system-out/>
  <testcase name="printPurchaseAmount" classname="com.restassured.complexjson.HandleComplexJson">
    <skipped/>
  </testcase> <!-- printPurchaseAmount -->
  <system-out/>
  <testcase name="printNumberCopiesSoldByRPA" classname="com.restassured.complexjson.HandleComplexJson">
    <skipped/>
  </testcase> <!-- printNumberCopiesSoldByRPA -->
  <system-out/>
  <testcase name="printTitleoffirstcourse" classname="com.restassured.complexjson.HandleComplexJson">
    <skipped/>
  </testcase> <!-- printTitleoffirstcourse -->
  <system-out/>
  <testcase name="printAllCouresTitleAndTheirRespectivePrice" classname="com.restassured.complexjson.HandleComplexJson">
    <skipped/>
  </testcase> <!-- printAllCouresTitleAndTheirRespectivePrice -->
  <system-out/>
  <testcase name="printNumberOfCourses" classname="com.restassured.complexjson.HandleComplexJson">
    <skipped/>
  </testcase> <!-- printNumberOfCourses -->
  <system-out/>
</testsuite> <!-- com.restassured.complexjson.HandleComplexJson -->
