<?xml version="1.0" encoding="UTF-8"?>
<!-- Generated by org.testng.reporters.JUnitReportReporter -->
<testsuite skipped="2" hostname="IN2374582W1" name="com.apitest.librarybook.LibraryBook" tests="4" failures="0" timestamp="2020-07-21T17:35:30 IST" time="5.874" errors="0">
  <testcase name="addBooks" time="5.416" classname="com.apitest.librarybook.LibraryBook"/>
  <system-out/>
  <testcase name="addBooks" time="0.458" classname="com.apitest.librarybook.LibraryBook"/>
  <system-out/>
  <testcase name="addBook" classname="com.apitest.librarybook.LibraryBook">
    <skipped/>
  </testcase> <!-- addBook -->
  <system-out/>
  <testcase name="addBooks" classname="com.apitest.librarybook.LibraryBook">
    <skipped/>
  </testcase> <!-- addBooks -->
  <system-out/>
</testsuite> <!-- com.apitest.librarybook.LibraryBook -->
