<?xml version="1.0" encoding="UTF-8"?>
<!-- Generated by org.testng.reporters.JUnitReportReporter -->
<testsuite skipped="0" hostname="IN2374582W1" name="com.restassured.pavantesting.POST_Request" tests="1" failures="0" timestamp="2020-04-07T18:53:27 IST" time="4.937" errors="0">
  <testcase name="postWeatherRequest" time="4.937" classname="com.restassured.pavantesting.POST_Request"/>
  <system-out/>
</testsuite> <!-- com.restassured.pavantesting.POST_Request -->
