<?xml version="1.0" encoding="UTF-8"?>
<!-- Generated by org.testng.reporters.JUnitReportReporter -->
<testsuite skipped="0" hostname="IN2374582W1" name="com.restassured.behaviourdrivendevlopment.PUT_Request" tests="1" failures="0" timestamp="2020-04-09T13:09:29 IST" time="3.989" errors="0">
  <testcase name="name" time="3.989" classname="com.restassured.behaviourdrivendevlopment.PUT_Request"/>
  <system-out/>
</testsuite> <!-- com.restassured.behaviourdrivendevlopment.PUT_Request -->
