<?xml version="1.0" encoding="UTF-8"?>
<!-- Generated by org.testng.reporters.JUnitReportReporter -->
<testsuite skipped="0" hostname="IN2374582W1" name="com.restassured.testdrivendevlopment.PATCH_Request" tests="1" failures="0" timestamp="2020-04-09T16:17:07 IST" time="4.541" errors="0">
  <testcase name="patchData" time="4.541" classname="com.restassured.testdrivendevlopment.PATCH_Request"/>
  <system-out/>
</testsuite> <!-- com.restassured.testdrivendevlopment.PATCH_Request -->
