<?xml version="1.0" encoding="UTF-8"?>
<!-- Generated by org.testng.reporters.JUnitReportReporter -->
<testsuite skipped="0" hostname="IN2374582W1" name="googlemapbdd.AddPlace" tests="1" failures="0" timestamp="2020-07-03T00:17:48 IST" time="4.592" errors="0">
  <testcase name="addplace" time="4.592" classname="googlemapbdd.AddPlace"/>
  <system-out/>
</testsuite> <!-- googlemapbdd.AddPlace -->
