<?xml version="1.0" encoding="UTF-8"?>
<!-- Generated by org.testng.reporters.JUnitReportReporter -->
<testsuite skipped="0" hostname="IN2374582W1" name="testdrivendevelopment.googlemap.AddPlace" tests="1" failures="0" timestamp="2020-07-02T00:37:31 IST" time="6.177" errors="0">
  <testcase name="addplace" time="6.177" classname="testdrivendevelopment.googlemap.AddPlace"/>
  <system-out/>
</testsuite> <!-- testdrivendevelopment.googlemap.AddPlace -->
