<?xml version="1.0" encoding="UTF-8"?>
<!-- Generated by org.testng.reporters.JUnitReportReporter -->
<testsuite skipped="0" hostname="IN2374582W1" name="com.restassured.pavantesting.GET_Request" tests="1" failures="0" timestamp="2020-04-07T15:34:09 IST" time="7.125" errors="0">
  <testcase name="getRequest" time="7.125" classname="com.restassured.pavantesting.GET_Request"/>
  <system-out/>
</testsuite> <!-- com.restassured.pavantesting.GET_Request -->
