<?xml version="1.0" encoding="UTF-8"?>
<!-- Generated by org.testng.reporters.JUnitReportReporter -->
<testsuite skipped="0" hostname="IN2374582W1" name="com.restassured.pavantesting.POST_Request_TDD_Approch" tests="1" failures="0" timestamp="2020-04-07T19:37:26 IST" time="5.655" errors="0">
  <testcase name="createNewUser" time="5.655" classname="com.restassured.pavantesting.POST_Request_TDD_Approch"/>
  <system-out/>
</testsuite> <!-- com.restassured.pavantesting.POST_Request_TDD_Approch -->
