<?xml version="1.0" encoding="UTF-8"?>
<!-- Generated by org.testng.reporters.JUnitReportReporter -->
<testsuite skipped="0" hostname="IN2374582W1" name="com.restassured.behaviourdrivendevlopment.DELETE_Request" tests="1" failures="0" timestamp="2020-04-09T16:01:00 IST" time="4.163" errors="0">
  <testcase name="deleteData" time="4.163" classname="com.restassured.behaviourdrivendevlopment.DELETE_Request"/>
  <system-out/>
</testsuite> <!-- com.restassured.behaviourdrivendevlopment.DELETE_Request -->
