<?xml version="1.0" encoding="UTF-8"?>
<!-- Generated by org.testng.reporters.JUnitReportReporter -->
<testsuite skipped="0" hostname="IN2374582W1" name="com.restassured.testdrivendevlopment.POST_Request_With_Parameterziation" tests="2" failures="0" timestamp="2020-05-03T23:20:37 IST" time="6.702" errors="0">
  <testcase name="RequestPOST" time="5.865" classname="com.restassured.testdrivendevlopment.POST_Request_With_Parameterziation"/>
  <system-out/>
  <testcase name="RequestPOST" time="0.837" classname="com.restassured.testdrivendevlopment.POST_Request_With_Parameterziation"/>
  <system-out/>
</testsuite> <!-- com.restassured.testdrivendevlopment.POST_Request_With_Parameterziation -->
