<?xml version="1.0" encoding="UTF-8"?>
<!-- Generated by org.testng.reporters.JUnitReportReporter -->
<testsuite skipped="0" hostname="IN2374582W1" name="com.restassured.testdrivendevlopment.DELETE_Request" tests="1" failures="0" timestamp="2020-04-09T17:23:22 IST" time="4.173" errors="0">
  <testcase name="deleteRequest" time="4.173" classname="com.restassured.testdrivendevlopment.DELETE_Request"/>
  <system-out/>
</testsuite> <!-- com.restassured.testdrivendevlopment.DELETE_Request -->
