<?xml version="1.0" encoding="UTF-8"?>
<!-- Generated by org.testng.reporters.JUnitReportReporter -->
<testsuite skipped="0" hostname="IN2374582W1" name="com.restassured.pavantesting.PUT_Request" tests="1" failures="0" timestamp="2020-04-08T17:15:40 IST" time="4.337" errors="0">
  <testcase name="name" time="4.337" classname="com.restassured.pavantesting.PUT_Request"/>
  <system-out/>
</testsuite> <!-- com.restassured.pavantesting.PUT_Request -->
