<?xml version="1.0" encoding="UTF-8"?>
<!-- Generated by org.testng.reporters.JUnitReportReporter -->
<testsuite skipped="0" hostname="IN2374582W1" name="com.restassured.pavantesting.PATCH_Request" tests="1" failures="0" timestamp="2020-04-09T12:55:08 IST" time="3.756" errors="0">
  <testcase name="patchRequest" time="3.756" classname="com.restassured.pavantesting.PATCH_Request"/>
  <system-out/>
</testsuite> <!-- com.restassured.pavantesting.PATCH_Request -->
