<?xml version="1.0" encoding="UTF-8"?>
<!-- Generated by org.testng.reporters.JUnitReportReporter -->
<testsuite skipped="0" hostname="IN2374582W1" name="com.restassured.testdrivendevlopment.GET_Request_For_Listusers" tests="1" failures="0" timestamp="2020-04-13T00:36:00 IST" time="6.836" errors="0">
  <testcase name="getRequsetForListusers" time="6.836" classname="com.restassured.testdrivendevlopment.GET_Request_For_Listusers"/>
  <system-out/>
</testsuite> <!-- com.restassured.testdrivendevlopment.GET_Request_For_Listusers -->
