<?xml version="1.0" encoding="UTF-8"?>
<!-- Generated by org.testng.reporters.JUnitReportReporter -->
<testsuite skipped="0" hostname="IN2374582W1" name="com.restassured.behaviourdrivendevlopment.GET_Request_Listusers" tests="1" failures="0" timestamp="2020-04-13T12:32:05 IST" time="5.519" errors="0">
  <testcase name="allUsers" time="5.519" classname="com.restassured.behaviourdrivendevlopment.GET_Request_Listusers"/>
  <system-out/>
</testsuite> <!-- com.restassured.behaviourdrivendevlopment.GET_Request_Listusers -->
